[     883ms] [WARNING] Caught a recoverable error. The site is still functional, but might have some UI flickering or degraded page load performance. If you are the author of this website, update external components and check recently added custom code or code overrides to fix the following server/client mismatches:
 Error: Minified React error #425; visit https://reactjs.org/docs/error-decoder.html?invariant=425 for the full message or use the non-minified dev environment for full errors and additional helpful warnings.
    at Ii (https://framerusercontent.com/sites/7ImD5B29G0hNK0ECyXuZub/react.rav3wPA8.mjs:6:68)
    at us (https://framerusercontent.com/sites/7ImD5B29G0hNK0ECyXuZub/react.rav3wPA8.mjs:8:14036)
    at ec (https://framerusercontent.com/sites/7ImD5B29G0hNK0ECyXuZub/react.rav3wPA8.mjs:8:37372)
    at $s (https://framerusercontent.com/sites/7ImD5B29G0hNK0ECyXuZub/react.rav3wPA8.mjs:8:37134)
    at Qs (https://framerusercontent.com/sites/7ImD5B29G0hNK0ECyXuZub/react.rav3wPA8.mjs:8:37046)
    at Ls (https://framerusercontent.com/sites/7ImD5B29G0hNK0ECyXuZub/react.rav3wPA8.mjs:8:32130)
    at wt (https://framerusercontent.com/sites/7ImD5B29G0hNK0ECyXuZub/react.rav3wPA8.mjs:1:10651)
    at MessagePort.Et (https://framerusercontent.com/sites/7ImD5B29G0hNK0ECyXuZub/react.rav3wPA8.mjs:1:11006) 
    at style
    at div
    at d (https://framerusercontent.com/sites/7ImD5B29G0hNK0ECyXuZub/RollingTextHover_Prod.DBF6ivpM.mjs:1:244)
    at jS (https://framerusercontent.com/sites/7ImD5B29G0hNK0ECyXuZub/framer.CLsMM8z2.mjs:1056:716)
    at Suspense
    at el (https://framerusercontent.com/sites/7ImD5B29G0hNK0ECyXuZub/framer.CLsMM8z2.mjs:49:69696)
    at ol (https://framerusercontent.com/sites/7ImD5B29G0hNK0ECyXuZub/framer.CLsMM8z2.mjs:49:70360)
    at al (https://framerusercontent.com/sites/7ImD5B29G0hNK0ECyXuZub/framer.CLsMM8z2.mjs:49:70222)
    at ll (https://framerusercontent.com/sites/7ImD5B29G0hNK0ECyXuZub/framer.CLsMM8z2.mjs:49:70631)
    at div
    at s (https://framerusercontent.com/sites/7ImD5B29G0hNK0ECyXuZub/motion.BppAy3Kl.mjs:9:5643)
    at https://framerusercontent.com/sites/7ImD5B29G0hNK0ECyXuZub/framer.CLsMM8z2.mjs:1056:1952
    at https://framerusercontent.com/sites/7ImD5B29G0hNK0ECyXuZub/framer.CLsMM8z2.mjs:1049:32055
    at a
    at s (https://framerusercontent.com/sites/7ImD5B29G0hNK0ECyXuZub/motion.BppAy3Kl.mjs:9:5643)
    at https://framerusercontent.com/sites/7ImD5B29G0hNK0ECyXuZub/framer.CLsMM8z2.mjs:1056:7092
    at Suspense
    at el (https://framerusercontent.com/sites/7ImD5B29G0hNK0ECyXuZub/framer.CLsMM8z2.mjs:49:69696)
    at Hl (https://framerusercontent.com/sites/7ImD5B29G0hNK0ECyXuZub/framer.CLsMM8z2.mjs:49:76227)
    at F (https://framerusercontent.com/sites/7ImD5B29G0hNK0ECyXuZub/Fi572onmY.Carz-SIF.mjs:1:1166)
    at s (https://framerusercontent.com/sites/7ImD5B29G0hNK0ECyXuZub/motion.BppAy3Kl.mjs:9:5643)
    at Zd (https://framerusercontent.com/sites/7ImD5B29G0hNK0ECyXuZub/motion.BppAy3Kl.mjs:9:73987)
    at https://framerusercontent.com/sites/7ImD5B29G0hNK0ECyXuZub/Fi572onmY.Carz-SIF.mjs:1:2083
    at https://framerusercontent.com/sites/7ImD5B29G0hNK0ECyXuZub/framer.CLsMM8z2.mjs:112:34223
    at div
    at s (https://framerusercontent.com/sites/7ImD5B29G0hNK0ECyXuZub/motion.BppAy3Kl.mjs:9:5643)
    at https://framerusercontent.com/sites/7ImD5B29G0hNK0ECyXuZub/framer.CLsMM8z2.mjs:1056:1952
    at https://framerusercontent.com/sites/7ImD5B29G0hNK0ECyXuZub/framer.CLsMM8z2.mjs:1049:32055
    at https://framerusercontent.com/sites/7ImD5B29G0hNK0ECyXuZub/framer.CLsMM8z2.mjs:1056:16995
    at Suspense
    at el (https://framerusercontent.com/sites/7ImD5B29G0hNK0ECyXuZub/framer.CLsMM8z2.mjs:49:69696)
    at Hl (https://framerusercontent.com/sites/7ImD5B29G0hNK0ECyXuZub/framer.CLsMM8z2.mjs:49:76227)
    at div
    at s (https://framerusercontent.com/sites/7ImD5B29G0hNK0ECyXuZub/motion.BppAy3Kl.mjs:9:5643)
    at div
    at s (https://framerusercontent.com/sites/7ImD5B29G0hNK0ECyXuZub/motion.BppAy3Kl.mjs:9:5643)
    at div
    at s (https://framerusercontent.com/sites/7ImD5B29G0hNK0ECyXuZub/motion.BppAy3Kl.mjs:9:5643)
    at header
    at s (https://framerusercontent.com/sites/7ImD5B29G0hNK0ECyXuZub/motion.BppAy3Kl.mjs:9:5643)
    at vn (https://framerusercontent.com/sites/7ImD5B29G0hNK0ECyXuZub/script_main.CRqNdnfV.mjs:1:62696)
    at s (https://framerusercontent.com/sites/7ImD5B29G0hNK0ECyXuZub/motion.BppAy3Kl.mjs:9:5643)
    at Zd (https://framerusercontent.com/sites/7ImD5B29G0hNK0ECyXuZub/motion.BppAy3Kl.mjs:9:73987)
    at https://framerusercontent.com/sites/7ImD5B29G0hNK0ECyXuZub/script_main.CRqNdnfV.mjs:1:63179
    at https://framerusercontent.com/sites/7ImD5B29G0hNK0ECyXuZub/framer.CLsMM8z2.mjs:112:34223
    at https://framerusercontent.com/sites/7ImD5B29G0hNK0ECyXuZub/framer.CLsMM8z2.mjs:1049:26753
    at https://framerusercontent.com/sites/7ImD5B29G0hNK0ECyXuZub/framer.CLsMM8z2.mjs:112:34223
    at Zd (https://framerusercontent.com/sites/7ImD5B29G0hNK0ECyXuZub/motion.BppAy3Kl.mjs:9:73987)
    at Vi (https://framerusercontent.com/sites/7ImD5B29G0hNK0ECyXuZub/framer.CLsMM8z2.mjs:49:23152)
    at div
    at s (https://framerusercontent.com/sites/7ImD5B29G0hNK0ECyXuZub/motion.BppAy3Kl.mjs:9:5643)
    at https://framerusercontent.com/sites/7ImD5B29G0hNK0ECyXuZub/framer.CLsMM8z2.mjs:1056:1471
    at https://framerusercontent.com/sites/7ImD5B29G0hNK0ECyXuZub/framer.CLsMM8z2.mjs:1049:32242
    at div
    at https://framerusercontent.com/sites/7ImD5B29G0hNK0ECyXuZub/framer.CLsMM8z2.mjs:1049:26753
    at https://framerusercontent.com/sites/7ImD5B29G0hNK0ECyXuZub/framer.CLsMM8z2.mjs:112:34223
    at https://framerusercontent.com/sites/7ImD5B29G0hNK0ECyXuZub/framer.CLsMM8z2.mjs:1049:32055
    at div
    at s (https://framerusercontent.com/sites/7ImD5B29G0hNK0ECyXuZub/motion.BppAy3Kl.mjs:9:5643)
    at Zd (https://framerusercontent.com/sites/7ImD5B29G0hNK0ECyXuZub/motion.BppAy3Kl.mjs:9:73987)
    at https://framerusercontent.com/sites/7ImD5B29G0hNK0ECyXuZub/script_main.CRqNdnfV.mjs:1:87063
    at https://framerusercontent.com/sites/7ImD5B29G0hNK0ECyXuZub/framer.CLsMM8z2.mjs:112:34223
    at Hn (https://framerusercontent.com/sites/7ImD5B29G0hNK0ECyXuZub/script_main.CRqNdnfV.mjs:1:88973)
    at td (https://framerusercontent.com/sites/7ImD5B29G0hNK0ECyXuZub/framer.CLsMM8z2.mjs:51:6131)
    at L_ (https://framerusercontent.com/sites/7ImD5B29G0hNK0ECyXuZub/framer.CLsMM8z2.mjs:112:6156)
    at Suspense
    at el (https://framerusercontent.com/sites/7ImD5B29G0hNK0ECyXuZub/framer.CLsMM8z2.mjs:49:69696)
    at ES (https://framerusercontent.com/sites/7ImD5B29G0hNK0ECyXuZub/framer.CLsMM8z2.mjs:1049:32342)
    at Au (https://framerusercontent.com/sites/7ImD5B29G0hNK0ECyXuZub/framer.CLsMM8z2.mjs:49:87994)
    at gr (https://framerusercontent.com/sites/7ImD5B29G0hNK0ECyXuZub/framer.CLsMM8z2.mjs:49:6679)
    at https://framerusercontent.com/sites/7ImD5B29G0hNK0ECyXuZub/framer.CLsMM8z2.mjs:1056:2511
    at https://framerusercontent.com/sites/7ImD5B29G0hNK0ECyXuZub/framer.CLsMM8z2.mjs:112:34223
    at Tt (https://framerusercontent.com/sites/7ImD5B29G0hNK0ECyXuZub/framer.CLsMM8z2.mjs:3:2957)
    at ed (https://framerusercontent.com/sites/7ImD5B29G0hNK0ECyXuZub/framer.CLsMM8z2.mjs:51:2003)
    at Nu (https://framerusercontent.com/sites/7ImD5B29G0hNK0ECyXuZub/framer.CLsMM8z2.mjs:49:88850)
    at fw (https://framerusercontent.com/sites/7ImD5B29G0hNK0ECyXuZub/framer.CLsMM8z2.mjs:1056:16764)
    at un (https://framerusercontent.com/sites/7ImD5B29G0hNK0ECyXuZub/framer.CLsMM8z2.mjs:7:8966)
    at ia (https://framerusercontent.com/sites/7ImD5B29G0hNK0ECyXuZub/motion.BppAy3Kl.mjs:9:1366)
    at dr (https://framerusercontent.com/sites/7ImD5B29G0hNK0ECyXuZub/framer.CLsMM8z2.mjs:49:6283)
    at dd (https://framerusercontent.com/sites/7ImD5B29G0hNK0ECyXuZub/framer.CLsMM8z2.mjs:51:7396)
    at nC (https://framerusercontent.com/sites/7ImD5B29G0hNK0ECyXuZub/framer.CLsMM8z2.mjs:1056:6012)
    at jn (https://framerusercontent.com/sites/7ImD5B29G0hNK0ECyXuZub/framer.CLsMM8z2.mjs:7:13838) @ https://framerusercontent.com/sites/7ImD5B29G0hNK0ECyXuZub/script_main.CRqNdnfV.mjs:0
[     883ms] [WARNING] Caught a recoverable error. The site is still functional, but might have some UI flickering or degraded page load performance. If you are the author of this website, update external components and check recently added custom code or code overrides to fix the following server/client mismatches:
 Error: Minified React error #422; visit https://reactjs.org/docs/error-decoder.html?invariant=422 for the full message or use the non-minified dev environment for full errors and additional helpful warnings.
    at ns (https://framerusercontent.com/sites/7ImD5B29G0hNK0ECyXuZub/react.rav3wPA8.mjs:8:8255)
    at $o (https://framerusercontent.com/sites/7ImD5B29G0hNK0ECyXuZub/react.rav3wPA8.mjs:8:7196)
    at cp (https://framerusercontent.com/sites/7ImD5B29G0hNK0ECyXuZub/react.rav3wPA8.mjs:8:68482)
    at $s (https://framerusercontent.com/sites/7ImD5B29G0hNK0ECyXuZub/react.rav3wPA8.mjs:8:37073)
    at Qs (https://framerusercontent.com/sites/7ImD5B29G0hNK0ECyXuZub/react.rav3wPA8.mjs:8:37046)
    at Ls (https://framerusercontent.com/sites/7ImD5B29G0hNK0ECyXuZub/react.rav3wPA8.mjs:8:32130)
    at wt (https://framerusercontent.com/sites/7ImD5B29G0hNK0ECyXuZub/react.rav3wPA8.mjs:1:10651)
    at MessagePort.Et (https://framerusercontent.com/sites/7ImD5B29G0hNK0ECyXuZub/react.rav3wPA8.mjs:1:11006) null @ https://framerusercontent.com/sites/7ImD5B29G0hNK0ECyXuZub/script_main.CRqNdnfV.mjs:0
